[03-Dec-2018 18:00:02 UTC] PHP Fatal error:  Uncaught Error: Call to undefined function get_current_template() in /Users/student/Desktop/dgFinal/wp-content/themes/twentysixteen-child/header.php:30
Stack trace:
#0 /Users/student/Desktop/dgFinal/wp-includes/template.php(688): require_once()
#1 /Users/student/Desktop/dgFinal/wp-includes/template.php(647): load_template('/Users/student/...', true)
#2 /Users/student/Desktop/dgFinal/wp-includes/general-template.php(41): locate_template(Array, true)
#3 /Users/student/Desktop/dgFinal/wp-content/themes/twentysixteen/page.php(14): get_header()
#4 /Users/student/Desktop/dgFinal/wp-includes/template-loader.php(74): include('/Users/student/...')
#5 /Users/student/Desktop/dgFinal/wp-blog-header.php(19): require_once('/Users/student/...')
#6 /Users/student/Desktop/dgFinal/index.php(17): require('/Users/student/...')
#7 {main}
  thrown in /Users/student/Desktop/dgFinal/wp-content/themes/twentysixteen-child/header.php on line 30
[03-Dec-2018 18:00:33 UTC] PHP Fatal error:  Uncaught Error: Call to undefined function get_current_template() in /Users/student/Desktop/dgFinal/wp-content/themes/twentysixteen-child/header.php:25
Stack trace:
#0 /Users/student/Desktop/dgFinal/wp-includes/template.php(688): require_once()
#1 /Users/student/Desktop/dgFinal/wp-includes/template.php(647): load_template('/Users/student/...', true)
#2 /Users/student/Desktop/dgFinal/wp-includes/general-template.php(41): locate_template(Array, true)
#3 /Users/student/Desktop/dgFinal/wp-content/themes/twentysixteen/page.php(14): get_header()
#4 /Users/student/Desktop/dgFinal/wp-includes/template-loader.php(74): include('/Users/student/...')
#5 /Users/student/Desktop/dgFinal/wp-blog-header.php(19): require_once('/Users/student/...')
#6 /Users/student/Desktop/dgFinal/index.php(17): require('/Users/student/...')
#7 {main}
  thrown in /Users/student/Desktop/dgFinal/wp-content/themes/twentysixteen-child/header.php on line 25
[03-Dec-2018 19:18:34 UTC] PHP Parse error:  syntax error, unexpected ')' in /Users/student/Desktop/dgFinal/wp-content/themes/twentysixteen-child/template-parts/content-page-beautiful-data.php on line 39
[03-Dec-2018 19:32:19 UTC] PHP Fatal error:  Uncaught Error: Call to undefined function get_header_beautiful_data() in /Users/student/Desktop/dgFinal/wp-content/themes/twentysixteen-child/page-beautiful-data.php:14
Stack trace:
#0 /Users/student/Desktop/dgFinal/wp-includes/template-loader.php(74): include()
#1 /Users/student/Desktop/dgFinal/wp-blog-header.php(19): require_once('/Users/student/...')
#2 /Users/student/Desktop/dgFinal/index.php(17): require('/Users/student/...')
#3 {main}
  thrown in /Users/student/Desktop/dgFinal/wp-content/themes/twentysixteen-child/page-beautiful-data.php on line 14
[03-Dec-2018 19:37:02 UTC] PHP Parse error:  syntax error, unexpected 'endif' (T_ENDIF), expecting end of file in /Users/student/Desktop/dgFinal/wp-content/themes/twentysixteen-child/header-beautiful-data.php on line 33
